<?xml version="1.0" encoding="UTF-8" ?>
<testsuite errors="0" failures="0" hostname="Diana" name="test.MyMathTest" skipped="0" tests="2" time="0.059" timestamp="2017-07-28T12:25:45">
  <properties>
    <property name="java.vendor" value="Oracle Corporation" />
    <property name="sun.java.launcher" value="SUN_STANDARD" />
    <property name="sun.management.compiler" value="HotSpot Client Compiler" />
    <property name="os.name" value="Windows 10" />
    <property name="sun.boot.class.path" value="C:\Program Files (x86)\Java\jdk1.8.0_65\jre\lib\resources.jar;C:\Program Files (x86)\Java\jdk1.8.0_65\jre\lib\rt.jar;C:\Program Files (x86)\Java\jdk1.8.0_65\jre\lib\sunrsasign.jar;C:\Program Files (x86)\Java\jdk1.8.0_65\jre\lib\jsse.jar;C:\Program Files (x86)\Java\jdk1.8.0_65\jre\lib\jce.jar;C:\Program Files (x86)\Java\jdk1.8.0_65\jre\lib\charsets.jar;C:\Program Files (x86)\Java\jdk1.8.0_65\jre\lib\jfr.jar;C:\Program Files (x86)\Java\jdk1.8.0_65\jre\classes" />
    <property name="sun.desktop" value="windows" />
    <property name="java.vm.specification.vendor" value="Oracle Corporation" />
    <property name="ant.home" value="C:\Program Files (x86)\apache-ant-1.10.1-bin\apache-ant-1.10.1" />
    <property name="java.runtime.version" value="1.8.0_65-b17" />
    <property name="user.name" value="Supergirl" />
    <property name="build.dir" value="C:\Users\Supergirl\eclipse-workspace\de.vogella.build.ant.junit\bin" />
    <property name="user.language" value="en" />
    <property name="test.report.dir" value="C:\Users\Supergirl\eclipse-workspace\de.vogella.build.ant.junit\testreport" />
    <property name="sun.boot.library.path" value="C:\Program Files (x86)\Java\jdk1.8.0_65\jre\bin" />
    <property name="ant.file.type.Ant-Test" value="file" />
    <property name="ant.project.default-target" value="main" />
    <property name="ant.project.name" value="Ant-Test" />
    <property name="java.version" value="1.8.0_65" />
    <property name="user.timezone" value="" />
    <property name="sun.arch.data.model" value="32" />
    <property name="java.endorsed.dirs" value="C:\Program Files (x86)\Java\jdk1.8.0_65\jre\lib\endorsed" />
    <property name="sun.cpu.isalist" value="pentium_pro+mmx pentium_pro pentium+mmx pentium i486 i386 i86" />
    <property name="sun.jnu.encoding" value="Cp1252" />
    <property name="file.encoding.pkg" value="sun.io" />
    <property name="file.separator" value="\" />
    <property name="java.specification.name" value="Java Platform API Specification" />
    <property name="java.class.version" value="52.0" />
    <property name="user.country" value="US" />
    <property name="java.home" value="C:\Program Files (x86)\Java\jdk1.8.0_65\jre" />
    <property name="java.vm.info" value="mixed mode" />
    <property name="echo.classpath" value="C:\Users\Supergirl\eclipse-workspace\de.vogella.build.ant.junit\lib\junit.jar&#xd;&#xa;C:\Users\Supergirl\eclipse-workspace\de.vogella.build.ant.junit\bin" />
    <property name="ant.file" value="C:\Users\Supergirl\eclipse-workspace\de.vogella.build.ant.junit\build.xml" />
    <property name="os.version" value="10.0" />
    <property name="path.separator" value=";" />
    <property name="java.vm.version" value="25.65-b01" />
    <property name="user.variant" value="" />
    <property name="ant.library.dir" value="C:\Program Files (x86)\apache-ant-1.10.1-bin\apache-ant-1.10.1\lib" />
    <property name="java.awt.printerjob" value="sun.awt.windows.WPrinterJob" />
    <property name="sun.io.unicode.encoding" value="UnicodeLittle" />
    <property name="awt.toolkit" value="sun.awt.windows.WToolkit" />
    <property name="sun.stdout.encoding" value="cp437" />
    <property name="user.script" value="" />
    <property name="user.home" value="C:\Users\Supergirl" />
    <property name="java.specification.vendor" value="Oracle Corporation" />
    <property name="test.dir" value="C:\Users\Supergirl\eclipse-workspace\de.vogella.build.ant.junit\src" />
    <property name="java.library.path" value="C:\Program Files (x86)\Java\jdk1.8.0_65\jre\bin;C:\WINDOWS\Sun\Java\bin;C:\WINDOWS\system32;C:\WINDOWS;C:\ProgramData\Oracle\Java\javapath;C:\Program Files (x86)\Lenovo\FusionEngine;C:\Program Files (x86)\Intel\iCLS Client\;C:\Program Files\Intel\iCLS Client\;C:\WINDOWS\system32;C:\WINDOWS;C:\WINDOWS\System32\Wbem;C:\WINDOWS\System32\WindowsPowerShell\v1.0\;C:\Program Files\Intel\Intel(R) Management Engine Components\DAL;C:\Program Files\Intel\Intel(R) Management Engine Components\IPT;C:\Program Files (x86)\Intel\Intel(R) Management Engine Components\DAL;C:\Program Files (x86)\Intel\Intel(R) Management Engine Components\IPT;C:\Program Files\Intel\WiFi\bin\;C:\Program Files\Common Files\Intel\WirelessCommon\;C:\Program Files (x86)\Lenovo\Motion Control\;c:\Program Files (x86)\Microsoft SQL Server\100\Tools\Binn\VSShell\Common7\IDE\;c:\Program Files (x86)\Microsoft SQL Server\100\Tools\Binn\;c:\Program Files (x86)\Microsoft SQL Server\100\DTS\Binn\;C:\Program Files (x86)\Windows Live\Shared;C:\tomcat\apache-tomcat-7.0.78-windows-x86\apache-tomcat-7.0.78\bin;C:\Program Files (x86)\Skype\Phone\;C:\Program Files\Git\cmd;C:\Program Files (x86)\Java\jdk1.8.0_65\bin;C:\JUnit\junit-4.12.jar;C:\Program Files (x86)\apache-ant-1.10.1-bin\apache-ant-1.10.1\bin;C:\Program Files (x86)\apache-maven-3.5.0\bin;C:\Users\Supergirl\AppData\Local\Microsoft\WindowsApps;;." />
    <property name="java.vendor.url" value="http://java.oracle.com/" />
    <property name="ant.file.Ant-Test" value="C:\Users\Supergirl\eclipse-workspace\de.vogella.build.ant.junit\build.xml" />
    <property name="java.vm.vendor" value="Oracle Corporation" />
    <property name="java.runtime.name" value="Java(TM) SE Runtime Environment" />
    <property name="sun.java.command" value="org.apache.tools.ant.taskdefs.optional.junit.JUnitTestRunner test.MyMathTest skipNonTests=false filtertrace=true haltOnError=false haltOnFailure=true formatter=org.apache.tools.ant.taskdefs.optional.junit.SummaryJUnitResultFormatter showoutput=false outputtoformatters=true logfailedtests=true threadid=0 logtestlistenerevents=false formatter=org.apache.tools.ant.taskdefs.optional.junit.XMLJUnitResultFormatter,C:\Users\Supergirl\eclipse-workspace\de.vogella.build.ant.junit\testreport\TEST-test.MyMathTest.xml crashfile=C:\Users\Supergirl\eclipse-workspace\de.vogella.build.ant.junit\junitvmwatcher1066246550698912044.properties propsfile=C:\Users\Supergirl\eclipse-workspace\de.vogella.build.ant.junit\junit4329190506734780202.properties" />
    <property name="java.class.path" value="C:\Users\Supergirl\eclipse-workspace\de.vogella.build.ant.junit\lib\junit.jar;C:\Users\Supergirl\eclipse-workspace\de.vogella.build.ant.junit\bin;C:\Users\Supergirl\eclipse-workspace\de.vogella.build.ant.junit;C:\JUnit\junit-4.12.jar;C:\JUnit\hamcrest-core-1.3.jar;C:\Program Files (x86)\apache-ant-1.10.1-bin\apache-ant-1.10.1\lib\ant-launcher.jar;C:\Program Files (x86)\apache-ant-1.10.1-bin\apache-ant-1.10.1\lib\ant.jar;C:\Program Files (x86)\apache-ant-1.10.1-bin\apache-ant-1.10.1\lib\ant-junit.jar;C:\Program Files (x86)\apache-ant-1.10.1-bin\apache-ant-1.10.1\lib\ant-junit4.jar" />
    <property name="ant.version" value="Apache Ant(TM) version 1.10.1 compiled on February 2 2017" />
    <property name="java.vm.specification.name" value="Java Virtual Machine Specification" />
    <property name="ant.file.type" value="file" />
    <property name="java.vm.specification.version" value="1.8" />
    <property name="sun.cpu.endian" value="little" />
    <property name="sun.os.patch.level" value="" />
    <property name="java.io.tmpdir" value="C:\Users\SUPERG~1\AppData\Local\Temp\" />
    <property name="java.vendor.url.bug" value="http://bugreport.sun.com/bugreport/" />
    <property name="os.arch" value="x86" />
    <property name="java.awt.graphicsenv" value="sun.awt.Win32GraphicsEnvironment" />
    <property name="java.ext.dirs" value="C:\Program Files (x86)\Java\jdk1.8.0_65\jre\lib\ext;C:\WINDOWS\Sun\Java\lib\ext" />
    <property name="user.dir" value="C:\Users\Supergirl\eclipse-workspace\de.vogella.build.ant.junit" />
    <property name="line.separator" value="&#xd;&#xa;" />
    <property name="java.vm.name" value="Java HotSpot(TM) Client VM" />
    <property name="basedir" value="C:\Users\Supergirl\eclipse-workspace\de.vogella.build.ant.junit" />
    <property name="ant.java.version" value="1.8" />
    <property name="ant.core.lib" value="C:\Program Files (x86)\apache-ant-1.10.1-bin\apache-ant-1.10.1\lib\ant.jar" />
    <property name="sun.stderr.encoding" value="cp437" />
    <property name="file.encoding" value="Cp1252" />
    <property name="java.specification.version" value="1.8" />
    <property name="src.dir" value="C:\Users\Supergirl\eclipse-workspace\de.vogella.build.ant.junit\src" />
    <property name="ant.project.invoked-targets" value="main" />
  </properties>
  <testcase classname="test.MyMathTest" name="testMulti" time="0.002" />
  <testcase classname="test.MyMathTest" name="testMultiZero" time="0.0" />
  <system-out><![CDATA[Test A
Test 0
]]></system-out>
  <system-err><![CDATA[]]></system-err>
</testsuite>
